# JRE version: OpenJDK Runtime Environment Microsoft-11933218 (21.0.8+9) (build 21.0.8+9-LTS)
# Java VM: OpenJDK 64-Bit Server VM Microsoft-11933218 (21.0.8+9-LTS, mixed mode, sharing, tiered, compressed oops, compressed class ptrs, g1 gc, windows-amd64)
GC Precious Log:
 CardTable entry size: 512
 Card Set container configuration: InlinePtr #cards 5 size 8 Array Of Cards #cards 12 size 40 Howl #buckets 4 coarsen threshold 1843 Howl Bitmap #cards 512 size 80 coarsen threshold 460 Card regions per heap region 1 cards per card region 2048
 CPUs: 8 total, 8 available
 Memory: 7991M
 Large Page Support: Disabled
 NUMA Support: Disabled
 Compressed Oops: Enabled (32-bit)
 Heap Region Size: 1M
 Heap Min Capacity: 8M
 Heap Initial Capacity: 126M
 Heap Max Capacity: 1G
 Pre-touch: Disabled
 Parallel Workers: 8
 Concurrent Workers: 2
 Concurrent Refinement Workers: 8
 Periodic GC: Disabled
Heap:
 garbage-first heap   total 270336K, used 200686K [0x00000000c0000000, 0x0000000100000000)
  region size 1024K, 8 young (8192K), 8 survivors (8192K)
 Metaspace       used 10268K, committed 10496K, reserved 1114112K
  class space    used 1337K, committed 1472K, reserved 1048576K
GC Heap History (20 events):
Event: 1.817 GC heap after
{Heap after GC invocations=5 (full 0):
 garbage-first heap   total 155648K, used 53248K [0x00000000c0000000, 0x0000000100000000)
  region size 1024K, 7 young (7168K), 7 survivors (7168K)
 Metaspace       used 5705K, committed 5952K, reserved 1114112K
  class space    used 641K, committed 768K, reserved 1048576K
}
Event: 2.127 GC heap before
{Heap before GC invocations=5 (full 0):
 garbage-first heap   total 155648K, used 109568K [0x00000000c0000000, 0x0000000100000000)
  region size 1024K, 61 young (62464K), 7 survivors (7168K)
 Metaspace       used 7410K, committed 7680K, reserved 1114112K
  class space    used 913K, committed 1024K, reserved 1048576K
}
Event: 2.144 GC heap after
{Heap after GC invocations=6 (full 0):
 garbage-first heap   total 155648K, used 69632K [0x00000000c0000000, 0x0000000100000000)
  region size 1024K, 8 young (8192K), 8 survivors (8192K)
 Metaspace       used 7410K, committed 7680K, reserved 1114112K
  class space    used 913K, committed 1024K, reserved 1048576K
}
Event: 2.303 GC heap before
{Heap before GC invocations=6 (full 0):
 garbage-first heap   total 155648K, used 117760K [0x00000000c0000000, 0x0000000100000000)
  region size 1024K, 55 young (56320K), 8 survivors (8192K)
 Metaspace       used 7692K, committed 8000K, reserved 1114112K
  class space    used 942K, committed 1088K, reserved 1048576K
}
Event: 2.330 GC heap after
{Heap after GC invocations=7 (full 0):
 garbage-first heap   total 155648K, used 82944K [0x00000000c0000000, 0x0000000100000000)
  region size 1024K, 7 young (7168K), 7 survivors (7168K)
 Metaspace       used 7692K, committed 8000K, reserved 1114112K
  class space    used 942K, committed 1088K, reserved 1048576K
}
Event: 2.494 GC heap before
{Heap before GC invocations=7 (full 0):
 garbage-first heap   total 155648K, used 124928K [0x00000000c0000000, 0x0000000100000000)
  region size 1024K, 49 young (50176K), 7 survivors (7168K)
 Metaspace       used 7708K, committed 8000K, reserved 1114112K
  class space    used 943K, committed 1088K, reserved 1048576K
}
Event: 2.521 GC heap after
{Heap after GC invocations=8 (full 0):
 garbage-first heap   total 155648K, used 94208K [0x00000000c0000000, 0x0000000100000000)
  region size 1024K, 7 young (7168K), 7 survivors (7168K)
 Metaspace       used 7708K, committed 8000K, reserved 1114112K
  class space    used 943K, committed 1088K, reserved 1048576K
}
Event: 2.601 GC heap before
{Heap before GC invocations=8 (full 0):
 garbage-first heap   total 157696K, used 131072K [0x00000000c0000000, 0x0000000100000000)
  region size 1024K, 43 young (44032K), 7 survivors (7168K)
 Metaspace       used 7712K, committed 8000K, reserved 1114112K
  class space    used 932K, committed 1088K, reserved 1048576K
}
Event: 2.631 GC heap after
{Heap after GC invocations=9 (full 0):
 garbage-first heap   total 266240K, used 103936K [0x00000000c0000000, 0x0000000100000000)
  region size 1024K, 6 young (6144K), 6 survivors (6144K)
 Metaspace       used 7712K, committed 8000K, reserved 1114112K
  class space    used 932K, committed 1088K, reserved 1048576K
}
Event: 2.813 GC heap before
{Heap before GC invocations=10 (full 0):
 garbage-first heap   total 266240K, used 196096K [0x00000000c0000000, 0x0000000100000000)
  region size 1024K, 93 young (95232K), 6 survivors (6144K)
 Metaspace       used 7712K, committed 8000K, reserved 1114112K
  class space    used 932K, committed 1088K, reserved 1048576K
}
Event: 2.853 GC heap after
{Heap after GC invocations=11 (full 0):
 garbage-first heap   total 266240K, used 127927K [0x00000000c0000000, 0x0000000100000000)
  region size 1024K, 12 young (12288K), 12 survivors (12288K)
 Metaspace       used 7712K, committed 8000K, reserved 1114112K
  class space    used 932K, committed 1088K, reserved 1048576K
}
Event: 2.994 GC heap before
{Heap before GC invocations=11 (full 0):
 garbage-first heap   total 266240K, used 205751K [0x00000000c0000000, 0x0000000100000000)
  region size 1024K, 88 young (90112K), 12 survivors (12288K)
 Metaspace       used 7712K, committed 8000K, reserved 1114112K
  class space    used 932K, committed 1088K, reserved 1048576K
}
Event: 3.070 GC heap after
{Heap after GC invocations=12 (full 0):
 garbage-first heap   total 266240K, used 145408K [0x00000000c0000000, 0x0000000100000000)
  region size 1024K, 11 young (11264K), 11 survivors (11264K)
 Metaspace       used 7712K, committed 8000K, reserved 1114112K
  class space    used 932K, committed 1088K, reserved 1048576K
}
Event: 3.987 GC heap before
{Heap before GC invocations=12 (full 0):
 garbage-first heap   total 266240K, used 216064K [0x00000000c0000000, 0x0000000100000000)
  region size 1024K, 81 young (82944K), 11 survivors (11264K)
 Metaspace       used 10260K, committed 10496K, reserved 1114112K
  class space    used 1339K, committed 1472K, reserved 1048576K
}
Event: 4.033 GC heap after
{Heap after GC invocations=13 (full 0):
 garbage-first heap   total 266240K, used 161280K [0x00000000c0000000, 0x0000000100000000)
  region size 1024K, 11 young (11264K), 11 survivors (11264K)
 Metaspace       used 10260K, committed 10496K, reserved 1114112K
  class space    used 1339K, committed 1472K, reserved 1048576K
}
Event: 4.419 GC heap before
{Heap before GC invocations=14 (full 0):
 garbage-first heap   total 270336K, used 225792K [0x00000000c0000000, 0x0000000100000000)
  region size 1024K, 74 young (75776K), 11 survivors (11264K)
 Metaspace       used 10268K, committed 10496K, reserved 1114112K
  class space    used 1337K, committed 1472K, reserved 1048576K
}
Event: 4.453 GC heap after
{Heap after GC invocations=15 (full 0):
 garbage-first heap   total 270336K, used 175599K [0x00000000c0000000, 0x0000000100000000)
  region size 1024K, 10 young (10240K), 10 survivors (10240K)
 Metaspace       used 10268K, committed 10496K, reserved 1114112K
  class space    used 1337K, committed 1472K, reserved 1048576K
}
Event: 4.579 GC heap before
{Heap before GC invocations=15 (full 0):
 garbage-first heap   total 270336K, used 238063K [0x00000000c0000000, 0x0000000100000000)
  region size 1024K, 69 young (70656K), 10 survivors (10240K)
 Metaspace       used 10268K, committed 10496K, reserved 1114112K
  class space    used 1337K, committed 1472K, reserved 1048576K
}
Event: 4.608 GC heap after
{Heap after GC invocations=16 (full 0):
 garbage-first heap   total 270336K, used 187324K [0x00000000c0000000, 0x0000000100000000)
  region size 1024K, 9 young (9216K), 9 survivors (9216K)
 Metaspace       used 10268K, committed 10496K, reserved 1114112K
  class space    used 1337K, committed 1472K, reserved 1048576K
}
Event: 4.703 GC heap before
{Heap before GC invocations=16 (full 0):
 garbage-first heap   total 270336K, used 240572K [0x00000000c0000000, 0x0000000100000000)
  region size 1024K, 61 young (62464K), 9 survivors (9216K)
 Metaspace       used 10268K, committed 10496K, reserved 1114112K
  class space    used 1337K, committed 1472K, reserved 1048576K
}

